2012/01/20 20:29:10 [error] [php] include(PDO.php) [<a href='function.include'>function.include</a>]: failed to open stream: No such file or directory (C:\vhosts\gramyzmaluchami\framework\YiiBase.php:421)
Stack trace:
#0 C:\vhosts\gramyzmaluchami\framework\db\CDbConnection.php(404): spl_autoload_call()
#1 C:\vhosts\gramyzmaluchami\framework\db\CDbConnection.php(356): CDbConnection->createPdoInstance()
#2 C:\vhosts\gramyzmaluchami\framework\db\CDbConnection.php(313): CDbConnection->open()
#3 C:\vhosts\gramyzmaluchami\framework\db\CDbConnection.php(291): CDbConnection->setActive()
#4 C:\vhosts\gramyzmaluchami\framework\base\CModule.php(372): CDbConnection->init()
#5 C:\vhosts\gramyzmaluchami\framework\base\CModule.php(86): CWebApplication->getComponent()
#6 C:\vhosts\gramyzmaluchami\framework\gii\generators\model\ModelCode.php(54): CWebApplication->__get()
#7 C:\vhosts\gramyzmaluchami\framework\web\CFormModel.php(40): ModelCode->init()
#8 C:\vhosts\gramyzmaluchami\framework\gii\CCodeGenerator.php(149): ModelCode->__construct()
#9 C:\vhosts\gramyzmaluchami\framework\gii\CCodeGenerator.php(61): ModelGenerator->prepare()
#10 C:\vhosts\gramyzmaluchami\framework\web\actions\CInlineAction.php(50): ModelGenerator->actionIndex()
#11 C:\vhosts\gramyzmaluchami\framework\web\CController.php(300): CInlineAction->runWithParams()
#12 C:\vhosts\gramyzmaluchami\framework\web\CController.php(278): ModelGenerator->runAction()
#13 C:\vhosts\gramyzmaluchami\framework\web\CController.php(257): ModelGenerator->runActionWithFilters()
#14 C:\vhosts\gramyzmaluchami\framework\web\CWebApplication.php(277): ModelGenerator->run()
#15 C:\vhosts\gramyzmaluchami\framework\web\CWebApplication.php(136): CWebApplication->runController()
#16 C:\vhosts\gramyzmaluchami\framework\base\CApplication.php(158): CWebApplication->processRequest()
#17 C:\vhosts\gramyzmaluchami\index.php(13): CWebApplication->run()
REQUEST_URI=/index.php/gii/model
in C:\vhosts\gramyzmaluchami\index.php (13)
2012/01/20 20:45:59 [error] [exception.CHttpException.404] exception 'CHttpException' with message 'Unable to find the code you requested.' in C:\vhosts\gramyzmaluchami\framework\gii\CCodeGenerator.php:87
Stack trace:
#0 C:\vhosts\gramyzmaluchami\framework\web\actions\CInlineAction.php(50): CCodeGenerator->actionCode()
#1 C:\vhosts\gramyzmaluchami\framework\web\CController.php(300): CInlineAction->runWithParams(Array)
#2 C:\vhosts\gramyzmaluchami\framework\web\CController.php(278): CController->runAction(Object(CInlineAction))
#3 C:\vhosts\gramyzmaluchami\framework\web\CController.php(257): CController->runActionWithFilters(Object(CInlineAction), Array)
#4 C:\vhosts\gramyzmaluchami\framework\web\CWebApplication.php(277): CController->run('code')
#5 C:\vhosts\gramyzmaluchami\framework\web\CWebApplication.php(136): CWebApplication->runController('gii/model/code/...')
#6 C:\vhosts\gramyzmaluchami\framework\base\CApplication.php(158): CWebApplication->processRequest()
#7 C:\vhosts\gramyzmaluchami\index.php(13): CApplication->run()
#8 {main} REQUEST_URI=/index.php/gii/model/code/id/0
2012/01/25 21:23:56 [error] [php] Undefined variable: dataProvider (C:\vhosts\gramyzmaluchami\protected\views\site\index.php:1)
Stack trace:
#0 C:\vhosts\gramyzmaluchami\framework\web\CController.php(866): SiteController->renderFile()
#1 C:\vhosts\gramyzmaluchami\framework\web\CController.php(779): SiteController->renderPartial()
#2 C:\vhosts\gramyzmaluchami\protected\controllers\SiteController.php(37): SiteController->render()
#3 C:\vhosts\gramyzmaluchami\framework\web\actions\CInlineAction.php(50): SiteController->actionIndex()
#4 C:\vhosts\gramyzmaluchami\framework\web\CController.php(300): CInlineAction->runWithParams()
#5 C:\vhosts\gramyzmaluchami\framework\web\CController.php(278): SiteController->runAction()
#6 C:\vhosts\gramyzmaluchami\framework\web\CController.php(257): SiteController->runActionWithFilters()
#7 C:\vhosts\gramyzmaluchami\framework\web\CWebApplication.php(277): SiteController->run()
#8 C:\vhosts\gramyzmaluchami\framework\web\CWebApplication.php(136): CWebApplication->runController()
#9 C:\vhosts\gramyzmaluchami\framework\base\CApplication.php(158): CWebApplication->processRequest()
#10 C:\vhosts\gramyzmaluchami\index.php(13): CWebApplication->run()
REQUEST_URI=/index.php/site/index
in C:\vhosts\gramyzmaluchami\protected\views\site\index.php (1)
in C:\vhosts\gramyzmaluchami\protected\controllers\SiteController.php (37)
in C:\vhosts\gramyzmaluchami\index.php (13)
2012/01/25 21:27:34 [error] [php] Undefined variable: dataProvider (C:\vhosts\gramyzmaluchami\protected\views\site\index.php:1)
Stack trace:
#0 C:\vhosts\gramyzmaluchami\framework\web\CController.php(866): SiteController->renderFile()
#1 C:\vhosts\gramyzmaluchami\framework\web\CController.php(779): SiteController->renderPartial()
#2 C:\vhosts\gramyzmaluchami\protected\controllers\SiteController.php(37): SiteController->render()
#3 C:\vhosts\gramyzmaluchami\framework\web\actions\CInlineAction.php(50): SiteController->actionIndex()
#4 C:\vhosts\gramyzmaluchami\framework\web\CController.php(300): CInlineAction->runWithParams()
#5 C:\vhosts\gramyzmaluchami\framework\web\CController.php(278): SiteController->runAction()
#6 C:\vhosts\gramyzmaluchami\framework\web\CController.php(257): SiteController->runActionWithFilters()
#7 C:\vhosts\gramyzmaluchami\framework\web\CWebApplication.php(277): SiteController->run()
#8 C:\vhosts\gramyzmaluchami\framework\web\CWebApplication.php(136): CWebApplication->runController()
#9 C:\vhosts\gramyzmaluchami\framework\base\CApplication.php(158): CWebApplication->processRequest()
#10 C:\vhosts\gramyzmaluchami\index.php(13): CWebApplication->run()
REQUEST_URI=/index.php/site/index
in C:\vhosts\gramyzmaluchami\protected\views\site\index.php (1)
in C:\vhosts\gramyzmaluchami\protected\controllers\SiteController.php (37)
in C:\vhosts\gramyzmaluchami\index.php (13)
2012/01/26 19:00:40 [error] [exception.CDbException] exception 'CDbException' with message 'Relation "id" is not defined in active record class "Agelevel".' in C:\vhosts\gramyzmaluchami\framework\db\ar\CActiveFinder.php:217
Stack trace:
#0 C:\vhosts\gramyzmaluchami\framework\db\ar\CActiveFinder.php(304): CActiveFinder->buildJoinTree(Object(CJoinElement), 'agelevel.id')
#1 C:\vhosts\gramyzmaluchami\framework\db\ar\CActiveFinder.php(51): CActiveFinder->buildJoinTree(Object(CJoinElement), Array)
#2 C:\vhosts\gramyzmaluchami\framework\db\ar\CActiveRecord.php(1294): CActiveFinder->__construct(Object(Category), Array)
#3 C:\vhosts\gramyzmaluchami\framework\db\ar\CActiveRecord.php(1410): CActiveRecord->query(Object(CDbCriteria), true)
#4 C:\vhosts\gramyzmaluchami\protected\controllers\SiteController.php(36): CActiveRecord->findAll(Object(CDbCriteria))
#5 C:\vhosts\gramyzmaluchami\framework\web\actions\CInlineAction.php(50): SiteController->actionIndex()
#6 C:\vhosts\gramyzmaluchami\framework\web\CController.php(300): CInlineAction->runWithParams(Array)
#7 C:\vhosts\gramyzmaluchami\framework\web\CController.php(278): CController->runAction(Object(CInlineAction))
#8 C:\vhosts\gramyzmaluchami\framework\web\CController.php(257): CController->runActionWithFilters(Object(CInlineAction), Array)
#9 C:\vhosts\gramyzmaluchami\framework\web\CWebApplication.php(277): CController->run('')
#10 C:\vhosts\gramyzmaluchami\framework\web\CWebApplication.php(136): CWebApplication->runController('')
#11 C:\vhosts\gramyzmaluchami\framework\base\CApplication.php(158): CWebApplication->processRequest()
#12 C:\vhosts\gramyzmaluchami\index.php(13): CApplication->run()
#13 {main} REQUEST_URI=/
2012/01/26 19:01:27 [error] [exception.CDbException] exception 'CDbException' with message 'Relation "game" is not defined in active record class "Category".' in C:\vhosts\gramyzmaluchami\framework\db\ar\CActiveFinder.php:217
Stack trace:
#0 C:\vhosts\gramyzmaluchami\framework\db\ar\CActiveFinder.php(304): CActiveFinder->buildJoinTree(Object(CJoinElement), 'game')
#1 C:\vhosts\gramyzmaluchami\framework\db\ar\CActiveFinder.php(51): CActiveFinder->buildJoinTree(Object(CJoinElement), Array)
#2 C:\vhosts\gramyzmaluchami\framework\db\ar\CActiveRecord.php(1294): CActiveFinder->__construct(Object(Category), Array)
#3 C:\vhosts\gramyzmaluchami\framework\db\ar\CActiveRecord.php(1410): CActiveRecord->query(Object(CDbCriteria), true)
#4 C:\vhosts\gramyzmaluchami\protected\controllers\SiteController.php(35): CActiveRecord->findAll(Object(CDbCriteria))
#5 C:\vhosts\gramyzmaluchami\framework\web\actions\CInlineAction.php(50): SiteController->actionIndex()
#6 C:\vhosts\gramyzmaluchami\framework\web\CController.php(300): CInlineAction->runWithParams(Array)
#7 C:\vhosts\gramyzmaluchami\framework\web\CController.php(278): CController->runAction(Object(CInlineAction))
#8 C:\vhosts\gramyzmaluchami\framework\web\CController.php(257): CController->runActionWithFilters(Object(CInlineAction), Array)
#9 C:\vhosts\gramyzmaluchami\framework\web\CWebApplication.php(277): CController->run('')
#10 C:\vhosts\gramyzmaluchami\framework\web\CWebApplication.php(136): CWebApplication->runController('')
#11 C:\vhosts\gramyzmaluchami\framework\base\CApplication.php(158): CWebApplication->processRequest()
#12 C:\vhosts\gramyzmaluchami\index.php(13): CApplication->run()
#13 {main} REQUEST_URI=/
2012/01/27 18:19:44 [error] [exception.CException] exception 'CException' with message 'Property "Category.game" is not defined.' in C:\vhosts\gramyzmaluchami\framework\base\CComponent.php:131
Stack trace:
#0 C:\vhosts\gramyzmaluchami\framework\db\ar\CActiveRecord.php(129): CComponent->__get('game')
#1 C:\vhosts\gramyzmaluchami\protected\views\site\index.php(2): CActiveRecord->__get('game')
#2 C:\vhosts\gramyzmaluchami\framework\web\CBaseController.php(119): require('C:\vhosts\gramy...')
#3 C:\vhosts\gramyzmaluchami\framework\web\CBaseController.php(88): CBaseController->renderInternal('C:\vhosts\gramy...', Array, true)
#4 C:\vhosts\gramyzmaluchami\framework\web\CController.php(866): CBaseController->renderFile('C:\vhosts\gramy...', Array, true)
#5 C:\vhosts\gramyzmaluchami\framework\web\CController.php(779): CController->renderPartial('index', Array, true)
#6 C:\vhosts\gramyzmaluchami\protected\controllers\SiteController.php(38): CController->render('index', Array)
#7 C:\vhosts\gramyzmaluchami\framework\web\actions\CInlineAction.php(50): SiteController->actionIndex()
#8 C:\vhosts\gramyzmaluchami\framework\web\CController.php(300): CInlineAction->runWithParams(Array)
#9 C:\vhosts\gramyzmaluchami\framework\web\CController.php(278): CController->runAction(Object(CInlineAction))
#10 C:\vhosts\gramyzmaluchami\framework\web\CController.php(257): CController->runActionWithFilters(Object(CInlineAction), Array)
#11 C:\vhosts\gramyzmaluchami\framework\web\CWebApplication.php(277): CController->run('')
#12 C:\vhosts\gramyzmaluchami\framework\web\CWebApplication.php(136): CWebApplication->runController('')
#13 C:\vhosts\gramyzmaluchami\framework\base\CApplication.php(158): CWebApplication->processRequest()
#14 C:\vhosts\gramyzmaluchami\index.php(13): CApplication->run()
#15 {main} REQUEST_URI=/
2012/01/27 18:24:44 [error] [exception.CException] exception 'CException' with message 'Property "Agelevel.name" is not defined.' in C:\vhosts\gramyzmaluchami\framework\base\CComponent.php:131
Stack trace:
#0 C:\vhosts\gramyzmaluchami\framework\db\ar\CActiveRecord.php(129): CComponent->__get('name')
#1 C:\vhosts\gramyzmaluchami\protected\views\site\index.php(2): CActiveRecord->__get('name')
#2 C:\vhosts\gramyzmaluchami\framework\web\CBaseController.php(119): require('C:\vhosts\gramy...')
#3 C:\vhosts\gramyzmaluchami\framework\web\CBaseController.php(88): CBaseController->renderInternal('C:\vhosts\gramy...', Array, true)
#4 C:\vhosts\gramyzmaluchami\framework\web\CController.php(866): CBaseController->renderFile('C:\vhosts\gramy...', Array, true)
#5 C:\vhosts\gramyzmaluchami\framework\web\CController.php(779): CController->renderPartial('index', Array, true)
#6 C:\vhosts\gramyzmaluchami\protected\controllers\SiteController.php(38): CController->render('index', Array)
#7 C:\vhosts\gramyzmaluchami\framework\web\actions\CInlineAction.php(50): SiteController->actionIndex()
#8 C:\vhosts\gramyzmaluchami\framework\web\CController.php(300): CInlineAction->runWithParams(Array)
#9 C:\vhosts\gramyzmaluchami\framework\web\CController.php(278): CController->runAction(Object(CInlineAction))
#10 C:\vhosts\gramyzmaluchami\framework\web\CController.php(257): CController->runActionWithFilters(Object(CInlineAction), Array)
#11 C:\vhosts\gramyzmaluchami\framework\web\CWebApplication.php(277): CController->run('')
#12 C:\vhosts\gramyzmaluchami\framework\web\CWebApplication.php(136): CWebApplication->runController('')
#13 C:\vhosts\gramyzmaluchami\framework\base\CApplication.php(158): CWebApplication->processRequest()
#14 C:\vhosts\gramyzmaluchami\index.php(13): CApplication->run()
#15 {main} REQUEST_URI=/
2012/02/05 11:23:39 [error] [exception.CDbException] exception 'CDbException' with message 'Relation "categories" is not defined in active record class "Top5category".' in C:\vhosts\gramyzmaluchami\framework\db\ar\CActiveFinder.php:217
Stack trace:
#0 C:\vhosts\gramyzmaluchami\framework\db\ar\CActiveFinder.php(304): CActiveFinder->buildJoinTree(Object(CJoinElement), 'categories')
#1 C:\vhosts\gramyzmaluchami\framework\db\ar\CActiveFinder.php(51): CActiveFinder->buildJoinTree(Object(CJoinElement), Array)
#2 C:\vhosts\gramyzmaluchami\framework\db\ar\CActiveRecord.php(1294): CActiveFinder->__construct(Object(Top5category), Array)
#3 C:\vhosts\gramyzmaluchami\framework\db\ar\CActiveRecord.php(1410): CActiveRecord->query(Object(CDbCriteria), true)
#4 C:\vhosts\gramyzmaluchami\protected\controllers\SiteController.php(37): CActiveRecord->findAll(Object(CDbCriteria))
#5 C:\vhosts\gramyzmaluchami\framework\web\actions\CInlineAction.php(50): SiteController->actionIndex()
#6 C:\vhosts\gramyzmaluchami\framework\web\CController.php(300): CInlineAction->runWithParams(Array)
#7 C:\vhosts\gramyzmaluchami\framework\web\CController.php(278): CController->runAction(Object(CInlineAction))
#8 C:\vhosts\gramyzmaluchami\framework\web\CController.php(257): CController->runActionWithFilters(Object(CInlineAction), Array)
#9 C:\vhosts\gramyzmaluchami\framework\web\CWebApplication.php(277): CController->run('')
#10 C:\vhosts\gramyzmaluchami\framework\web\CWebApplication.php(136): CWebApplication->runController('')
#11 C:\vhosts\gramyzmaluchami\framework\base\CApplication.php(158): CWebApplication->processRequest()
#12 C:\vhosts\gramyzmaluchami\index.php(13): CApplication->run()
#13 {main} REQUEST_URI=/
2012/02/05 20:15:35 [error] [exception.CDbException] exception 'CDbException' with message 'Relation "game" is not defined in active record class "Top5category".' in C:\vhosts\gramyzmaluchami\framework\db\ar\CActiveFinder.php:217
Stack trace:
#0 C:\vhosts\gramyzmaluchami\framework\db\ar\CActiveFinder.php(304): CActiveFinder->buildJoinTree(Object(CJoinElement), 'game')
#1 C:\vhosts\gramyzmaluchami\framework\db\ar\CActiveFinder.php(51): CActiveFinder->buildJoinTree(Object(CJoinElement), Array)
#2 C:\vhosts\gramyzmaluchami\framework\db\ar\CActiveRecord.php(1294): CActiveFinder->__construct(Object(Top5category), Array)
#3 C:\vhosts\gramyzmaluchami\framework\db\ar\CActiveRecord.php(1410): CActiveRecord->query(Object(CDbCriteria), true)
#4 C:\vhosts\gramyzmaluchami\protected\controllers\SiteController.php(48): CActiveRecord->findAll(Object(CDbCriteria))
#5 C:\vhosts\gramyzmaluchami\framework\web\actions\CInlineAction.php(50): SiteController->actionIndex()
#6 C:\vhosts\gramyzmaluchami\framework\web\CController.php(300): CInlineAction->runWithParams(Array)
#7 C:\vhosts\gramyzmaluchami\framework\web\CController.php(278): CController->runAction(Object(CInlineAction))
#8 C:\vhosts\gramyzmaluchami\framework\web\CController.php(257): CController->runActionWithFilters(Object(CInlineAction), Array)
#9 C:\vhosts\gramyzmaluchami\framework\web\CWebApplication.php(277): CController->run('')
#10 C:\vhosts\gramyzmaluchami\framework\web\CWebApplication.php(136): CWebApplication->runController('')
#11 C:\vhosts\gramyzmaluchami\framework\base\CApplication.php(158): CWebApplication->processRequest()
#12 C:\vhosts\gramyzmaluchami\index.php(13): CApplication->run()
#13 {main} REQUEST_URI=/
2012/02/05 20:22:54 [error] [system.db.CDbCommand] CDbCommand::fetchAll() failed: SQLSTATE[23000]: Integrity constraint violation: 1052 Column 'categoryId' in where clause is ambiguous. The SQL statement executed was: SELECT `t`.`id` AS `t0_c0`, `t`.`categoryId` AS `t0_c1`, `t`.`gameId` AS `t0_c2`, `t`.`position` AS `t0_c3`, `category`.`id` AS `t1_c0`, `category`.`agelevelId` AS `t1_c1`, `category`.`name` AS `t1_c2`, `category`.`description` AS `t1_c3`, `category`.`active` AS `t1_c4`, `game`.`id` AS `t2_c0`, `game`.`categoryId` AS `t2_c1`, `game`.`name` AS `t2_c2`, `game`.`description` AS `t2_c3` FROM `top5game` `t`  LEFT OUTER JOIN `category` `category` ON (`t`.`categoryId`=`category`.`id`)  LEFT OUTER JOIN `game` `game` ON (`t`.`gameId`=`game`.`id`)  WHERE (categoryId=:categoryId).
in C:\vhosts\gramyzmaluchami\protected\controllers\SiteController.php (48)
in C:\vhosts\gramyzmaluchami\index.php (13)
2012/02/05 20:22:54 [error] [exception.CDbException] exception 'CDbException' with message 'CDbCommand failed to execute the SQL statement: SQLSTATE[23000]: Integrity constraint violation: 1052 Column 'categoryId' in where clause is ambiguous. The SQL statement executed was: SELECT `t`.`id` AS `t0_c0`, `t`.`categoryId` AS `t0_c1`, `t`.`gameId` AS `t0_c2`, `t`.`position` AS `t0_c3`, `category`.`id` AS `t1_c0`, `category`.`agelevelId` AS `t1_c1`, `category`.`name` AS `t1_c2`, `category`.`description` AS `t1_c3`, `category`.`active` AS `t1_c4`, `game`.`id` AS `t2_c0`, `game`.`categoryId` AS `t2_c1`, `game`.`name` AS `t2_c2`, `game`.`description` AS `t2_c3` FROM `top5game` `t`  LEFT OUTER JOIN `category` `category` ON (`t`.`categoryId`=`category`.`id`)  LEFT OUTER JOIN `game` `game` ON (`t`.`gameId`=`game`.`id`)  WHERE (categoryId=:categoryId)' in C:\vhosts\gramyzmaluchami\framework\db\CDbCommand.php:516
Stack trace:
#0 C:\vhosts\gramyzmaluchami\framework\db\CDbCommand.php(374): CDbCommand->queryInternal('fetchAll', Array, Array)
#1 C:\vhosts\gramyzmaluchami\framework\db\ar\CActiveFinder.php(815): CDbCommand->queryAll()
#2 C:\vhosts\gramyzmaluchami\framework\db\ar\CActiveFinder.php(447): CJoinElement->runQuery(Object(CJoinQuery))
#3 C:\vhosts\gramyzmaluchami\framework\db\ar\CActiveFinder.php(72): CJoinElement->find(Object(CDbCriteria))
#4 C:\vhosts\gramyzmaluchami\framework\db\ar\CActiveRecord.php(1295): CActiveFinder->query(Object(CDbCriteria), true)
#5 C:\vhosts\gramyzmaluchami\framework\db\ar\CActiveRecord.php(1410): CActiveRecord->query(Object(CDbCriteria), true)
#6 C:\vhosts\gramyzmaluchami\protected\controllers\SiteController.php(48): CActiveRecord->findAll(Object(CDbCriteria))
#7 C:\vhosts\gramyzmaluchami\framework\web\actions\CInlineAction.php(50): SiteController->actionIndex()
#8 C:\vhosts\gramyzmaluchami\framework\web\CController.php(300): CInlineAction->runWithParams(Array)
#9 C:\vhosts\gramyzmaluchami\framework\web\CController.php(278): CController->runAction(Object(CInlineAction))
#10 C:\vhosts\gramyzmaluchami\framework\web\CController.php(257): CController->runActionWithFilters(Object(CInlineAction), Array)
#11 C:\vhosts\gramyzmaluchami\framework\web\CWebApplication.php(277): CController->run('')
#12 C:\vhosts\gramyzmaluchami\framework\web\CWebApplication.php(136): CWebApplication->runController('')
#13 C:\vhosts\gramyzmaluchami\framework\base\CApplication.php(158): CWebApplication->processRequest()
#14 C:\vhosts\gramyzmaluchami\index.php(13): CApplication->run()
#15 {main} REQUEST_URI=/
2012/02/05 20:24:05 [error] [system.db.CDbCommand] CDbCommand::fetchAll() failed: SQLSTATE[23000]: Integrity constraint violation: 1052 Column 'categoryId' in where clause is ambiguous. The SQL statement executed was: SELECT `t`.`id` AS `t0_c0`, `t`.`categoryId` AS `t0_c1`, `t`.`gameId` AS `t0_c2`, `t`.`position` AS `t0_c3`, `game`.`id` AS `t1_c0`, `game`.`categoryId` AS `t1_c1`, `game`.`name` AS `t1_c2`, `game`.`description` AS `t1_c3` FROM `top5game` `t`  LEFT OUTER JOIN `game` `game` ON (`t`.`gameId`=`game`.`id`)  WHERE (categoryId=:categoryId).
in C:\vhosts\gramyzmaluchami\protected\controllers\SiteController.php (47)
in C:\vhosts\gramyzmaluchami\index.php (13)
2012/02/05 20:24:05 [error] [exception.CDbException] exception 'CDbException' with message 'CDbCommand failed to execute the SQL statement: SQLSTATE[23000]: Integrity constraint violation: 1052 Column 'categoryId' in where clause is ambiguous. The SQL statement executed was: SELECT `t`.`id` AS `t0_c0`, `t`.`categoryId` AS `t0_c1`, `t`.`gameId` AS `t0_c2`, `t`.`position` AS `t0_c3`, `game`.`id` AS `t1_c0`, `game`.`categoryId` AS `t1_c1`, `game`.`name` AS `t1_c2`, `game`.`description` AS `t1_c3` FROM `top5game` `t`  LEFT OUTER JOIN `game` `game` ON (`t`.`gameId`=`game`.`id`)  WHERE (categoryId=:categoryId)' in C:\vhosts\gramyzmaluchami\framework\db\CDbCommand.php:516
Stack trace:
#0 C:\vhosts\gramyzmaluchami\framework\db\CDbCommand.php(374): CDbCommand->queryInternal('fetchAll', Array, Array)
#1 C:\vhosts\gramyzmaluchami\framework\db\ar\CActiveFinder.php(815): CDbCommand->queryAll()
#2 C:\vhosts\gramyzmaluchami\framework\db\ar\CActiveFinder.php(447): CJoinElement->runQuery(Object(CJoinQuery))
#3 C:\vhosts\gramyzmaluchami\framework\db\ar\CActiveFinder.php(72): CJoinElement->find(Object(CDbCriteria))
#4 C:\vhosts\gramyzmaluchami\framework\db\ar\CActiveRecord.php(1295): CActiveFinder->query(Object(CDbCriteria), true)
#5 C:\vhosts\gramyzmaluchami\framework\db\ar\CActiveRecord.php(1410): CActiveRecord->query(Object(CDbCriteria), true)
#6 C:\vhosts\gramyzmaluchami\protected\controllers\SiteController.php(47): CActiveRecord->findAll(Object(CDbCriteria))
#7 C:\vhosts\gramyzmaluchami\framework\web\actions\CInlineAction.php(50): SiteController->actionIndex()
#8 C:\vhosts\gramyzmaluchami\framework\web\CController.php(300): CInlineAction->runWithParams(Array)
#9 C:\vhosts\gramyzmaluchami\framework\web\CController.php(278): CController->runAction(Object(CInlineAction))
#10 C:\vhosts\gramyzmaluchami\framework\web\CController.php(257): CController->runActionWithFilters(Object(CInlineAction), Array)
#11 C:\vhosts\gramyzmaluchami\framework\web\CWebApplication.php(277): CController->run('')
#12 C:\vhosts\gramyzmaluchami\framework\web\CWebApplication.php(136): CWebApplication->runController('')
#13 C:\vhosts\gramyzmaluchami\framework\base\CApplication.php(158): CWebApplication->processRequest()
#14 C:\vhosts\gramyzmaluchami\index.php(13): CApplication->run()
#15 {main} REQUEST_URI=/
2012/02/05 20:27:50 [error] [system.db.CDbCommand] CDbCommand::fetchAll() failed: SQLSTATE[23000]: Integrity constraint violation: 1052 Column 'categoryId' in where clause is ambiguous. The SQL statement executed was: SELECT `t`.`id` AS `t0_c0`, `t`.`categoryId` AS `t0_c1`, `t`.`gameId` AS `t0_c2`, `t`.`position` AS `t0_c3`, `category`.`id` AS `t1_c0`, `category`.`agelevelId` AS `t1_c1`, `category`.`name` AS `t1_c2`, `category`.`description` AS `t1_c3`, `category`.`active` AS `t1_c4`, `game`.`id` AS `t2_c0`, `game`.`categoryId` AS `t2_c1`, `game`.`name` AS `t2_c2`, `game`.`description` AS `t2_c3` FROM `top5game` `t`  LEFT OUTER JOIN `category` `category` ON (`t`.`categoryId`=`category`.`id`)  LEFT OUTER JOIN `game` `game` ON (`t`.`gameId`=`game`.`id`)  WHERE (categoryId=:categoryId).
in C:\vhosts\gramyzmaluchami\protected\controllers\SiteController.php (48)
in C:\vhosts\gramyzmaluchami\index.php (13)
2012/02/05 20:27:50 [error] [exception.CDbException] exception 'CDbException' with message 'CDbCommand failed to execute the SQL statement: SQLSTATE[23000]: Integrity constraint violation: 1052 Column 'categoryId' in where clause is ambiguous. The SQL statement executed was: SELECT `t`.`id` AS `t0_c0`, `t`.`categoryId` AS `t0_c1`, `t`.`gameId` AS `t0_c2`, `t`.`position` AS `t0_c3`, `category`.`id` AS `t1_c0`, `category`.`agelevelId` AS `t1_c1`, `category`.`name` AS `t1_c2`, `category`.`description` AS `t1_c3`, `category`.`active` AS `t1_c4`, `game`.`id` AS `t2_c0`, `game`.`categoryId` AS `t2_c1`, `game`.`name` AS `t2_c2`, `game`.`description` AS `t2_c3` FROM `top5game` `t`  LEFT OUTER JOIN `category` `category` ON (`t`.`categoryId`=`category`.`id`)  LEFT OUTER JOIN `game` `game` ON (`t`.`gameId`=`game`.`id`)  WHERE (categoryId=:categoryId)' in C:\vhosts\gramyzmaluchami\framework\db\CDbCommand.php:516
Stack trace:
#0 C:\vhosts\gramyzmaluchami\framework\db\CDbCommand.php(374): CDbCommand->queryInternal('fetchAll', Array, Array)
#1 C:\vhosts\gramyzmaluchami\framework\db\ar\CActiveFinder.php(815): CDbCommand->queryAll()
#2 C:\vhosts\gramyzmaluchami\framework\db\ar\CActiveFinder.php(447): CJoinElement->runQuery(Object(CJoinQuery))
#3 C:\vhosts\gramyzmaluchami\framework\db\ar\CActiveFinder.php(72): CJoinElement->find(Object(CDbCriteria))
#4 C:\vhosts\gramyzmaluchami\framework\db\ar\CActiveRecord.php(1295): CActiveFinder->query(Object(CDbCriteria), true)
#5 C:\vhosts\gramyzmaluchami\framework\db\ar\CActiveRecord.php(1410): CActiveRecord->query(Object(CDbCriteria), true)
#6 C:\vhosts\gramyzmaluchami\protected\controllers\SiteController.php(48): CActiveRecord->findAll(Object(CDbCriteria))
#7 C:\vhosts\gramyzmaluchami\framework\web\actions\CInlineAction.php(50): SiteController->actionIndex()
#8 C:\vhosts\gramyzmaluchami\framework\web\CController.php(300): CInlineAction->runWithParams(Array)
#9 C:\vhosts\gramyzmaluchami\framework\web\CController.php(278): CController->runAction(Object(CInlineAction))
#10 C:\vhosts\gramyzmaluchami\framework\web\CController.php(257): CController->runActionWithFilters(Object(CInlineAction), Array)
#11 C:\vhosts\gramyzmaluchami\framework\web\CWebApplication.php(277): CController->run('')
#12 C:\vhosts\gramyzmaluchami\framework\web\CWebApplication.php(136): CWebApplication->runController('')
#13 C:\vhosts\gramyzmaluchami\framework\base\CApplication.php(158): CWebApplication->processRequest()
#14 C:\vhosts\gramyzmaluchami\index.php(13): CApplication->run()
#15 {main} REQUEST_URI=/
2012/02/05 20:43:44 [error] [exception.CException] exception 'CException' with message 'Property "Top5category.games" is not defined.' in C:\vhosts\gramyzmaluchami\framework\base\CComponent.php:174
Stack trace:
#0 C:\vhosts\gramyzmaluchami\framework\db\ar\CActiveRecord.php(145): CComponent->__set('games', Array)
#1 C:\vhosts\gramyzmaluchami\protected\controllers\SiteController.php(50): CActiveRecord->__set('games', Array)
#2 C:\vhosts\gramyzmaluchami\framework\web\actions\CInlineAction.php(50): SiteController->actionIndex()
#3 C:\vhosts\gramyzmaluchami\framework\web\CController.php(300): CInlineAction->runWithParams(Array)
#4 C:\vhosts\gramyzmaluchami\framework\web\CController.php(278): CController->runAction(Object(CInlineAction))
#5 C:\vhosts\gramyzmaluchami\framework\web\CController.php(257): CController->runActionWithFilters(Object(CInlineAction), Array)
#6 C:\vhosts\gramyzmaluchami\framework\web\CWebApplication.php(277): CController->run('')
#7 C:\vhosts\gramyzmaluchami\framework\web\CWebApplication.php(136): CWebApplication->runController('')
#8 C:\vhosts\gramyzmaluchami\framework\base\CApplication.php(158): CWebApplication->processRequest()
#9 C:\vhosts\gramyzmaluchami\index.php(13): CApplication->run()
#10 {main} REQUEST_URI=/
2012/02/05 20:45:28 [error] [exception.CException] exception 'CException' with message 'Property "Top5category.games" is not defined.' in C:\vhosts\gramyzmaluchami\framework\base\CComponent.php:174
Stack trace:
#0 C:\vhosts\gramyzmaluchami\framework\db\ar\CActiveRecord.php(145): CComponent->__set('games', Array)
#1 C:\vhosts\gramyzmaluchami\protected\controllers\SiteController.php(49): CActiveRecord->__set('games', Array)
#2 C:\vhosts\gramyzmaluchami\framework\web\actions\CInlineAction.php(50): SiteController->actionIndex()
#3 C:\vhosts\gramyzmaluchami\framework\web\CController.php(300): CInlineAction->runWithParams(Array)
#4 C:\vhosts\gramyzmaluchami\framework\web\CController.php(278): CController->runAction(Object(CInlineAction))
#5 C:\vhosts\gramyzmaluchami\framework\web\CController.php(257): CController->runActionWithFilters(Object(CInlineAction), Array)
#6 C:\vhosts\gramyzmaluchami\framework\web\CWebApplication.php(277): CController->run('')
#7 C:\vhosts\gramyzmaluchami\framework\web\CWebApplication.php(136): CWebApplication->runController('')
#8 C:\vhosts\gramyzmaluchami\framework\base\CApplication.php(158): CWebApplication->processRequest()
#9 C:\vhosts\gramyzmaluchami\index.php(13): CApplication->run()
#10 {main} REQUEST_URI=/
2012/02/05 20:49:31 [error] [exception.CException] exception 'CException' with message 'Property "Top5category.games" is not defined.' in C:\vhosts\gramyzmaluchami\framework\base\CComponent.php:131
Stack trace:
#0 C:\vhosts\gramyzmaluchami\framework\db\ar\CActiveRecord.php(129): CComponent->__get('games')
#1 C:\vhosts\gramyzmaluchami\protected\controllers\SiteController.php(49): CActiveRecord->__get('games')
#2 C:\vhosts\gramyzmaluchami\framework\web\actions\CInlineAction.php(50): SiteController->actionIndex()
#3 C:\vhosts\gramyzmaluchami\framework\web\CController.php(300): CInlineAction->runWithParams(Array)
#4 C:\vhosts\gramyzmaluchami\framework\web\CController.php(278): CController->runAction(Object(CInlineAction))
#5 C:\vhosts\gramyzmaluchami\framework\web\CController.php(257): CController->runActionWithFilters(Object(CInlineAction), Array)
#6 C:\vhosts\gramyzmaluchami\framework\web\CWebApplication.php(277): CController->run('')
#7 C:\vhosts\gramyzmaluchami\framework\web\CWebApplication.php(136): CWebApplication->runController('')
#8 C:\vhosts\gramyzmaluchami\framework\base\CApplication.php(158): CWebApplication->processRequest()
#9 C:\vhosts\gramyzmaluchami\index.php(13): CApplication->run()
#10 {main} REQUEST_URI=/
2012/02/05 21:56:02 [error] [exception.CException] exception 'CException' with message 'Property "Top5game.name" is not defined.' in C:\vhosts\gramyzmaluchami\framework\base\CComponent.php:131
Stack trace:
#0 C:\vhosts\gramyzmaluchami\framework\db\ar\CActiveRecord.php(129): CComponent->__get('name')
#1 C:\vhosts\gramyzmaluchami\protected\views\site\index.php(5): CActiveRecord->__get('name')
#2 C:\vhosts\gramyzmaluchami\framework\web\CBaseController.php(119): require('C:\vhosts\gramy...')
#3 C:\vhosts\gramyzmaluchami\framework\web\CBaseController.php(88): CBaseController->renderInternal('C:\vhosts\gramy...', Array, true)
#4 C:\vhosts\gramyzmaluchami\framework\web\CController.php(866): CBaseController->renderFile('C:\vhosts\gramy...', Array, true)
#5 C:\vhosts\gramyzmaluchami\framework\web\CController.php(779): CController->renderPartial('index', Array, true)
#6 C:\vhosts\gramyzmaluchami\protected\controllers\SiteController.php(56): CController->render('index', Array)
#7 C:\vhosts\gramyzmaluchami\framework\web\actions\CInlineAction.php(50): SiteController->actionIndex()
#8 C:\vhosts\gramyzmaluchami\framework\web\CController.php(300): CInlineAction->runWithParams(Array)
#9 C:\vhosts\gramyzmaluchami\framework\web\CController.php(278): CController->runAction(Object(CInlineAction))
#10 C:\vhosts\gramyzmaluchami\framework\web\CController.php(257): CController->runActionWithFilters(Object(CInlineAction), Array)
#11 C:\vhosts\gramyzmaluchami\framework\web\CWebApplication.php(277): CController->run('')
#12 C:\vhosts\gramyzmaluchami\framework\web\CWebApplication.php(136): CWebApplication->runController('')
#13 C:\vhosts\gramyzmaluchami\framework\base\CApplication.php(158): CWebApplication->processRequest()
#14 C:\vhosts\gramyzmaluchami\index.php(13): CApplication->run()
#15 {main} REQUEST_URI=/
2012/02/05 21:58:10 [error] [exception.CException] exception 'CException' with message 'Property "Top5game.name" is not defined.' in C:\vhosts\gramyzmaluchami\framework\base\CComponent.php:131
Stack trace:
#0 C:\vhosts\gramyzmaluchami\framework\db\ar\CActiveRecord.php(129): CComponent->__get('name')
#1 C:\vhosts\gramyzmaluchami\protected\views\site\index.php(5): CActiveRecord->__get('name')
#2 C:\vhosts\gramyzmaluchami\framework\web\CBaseController.php(119): require('C:\vhosts\gramy...')
#3 C:\vhosts\gramyzmaluchami\framework\web\CBaseController.php(88): CBaseController->renderInternal('C:\vhosts\gramy...', Array, true)
#4 C:\vhosts\gramyzmaluchami\framework\web\CController.php(866): CBaseController->renderFile('C:\vhosts\gramy...', Array, true)
#5 C:\vhosts\gramyzmaluchami\framework\web\CController.php(779): CController->renderPartial('index', Array, true)
#6 C:\vhosts\gramyzmaluchami\protected\controllers\SiteController.php(56): CController->render('index', Array)
#7 C:\vhosts\gramyzmaluchami\framework\web\actions\CInlineAction.php(50): SiteController->actionIndex()
#8 C:\vhosts\gramyzmaluchami\framework\web\CController.php(300): CInlineAction->runWithParams(Array)
#9 C:\vhosts\gramyzmaluchami\framework\web\CController.php(278): CController->runAction(Object(CInlineAction))
#10 C:\vhosts\gramyzmaluchami\framework\web\CController.php(257): CController->runActionWithFilters(Object(CInlineAction), Array)
#11 C:\vhosts\gramyzmaluchami\framework\web\CWebApplication.php(277): CController->run('')
#12 C:\vhosts\gramyzmaluchami\framework\web\CWebApplication.php(136): CWebApplication->runController('')
#13 C:\vhosts\gramyzmaluchami\framework\base\CApplication.php(158): CWebApplication->processRequest()
#14 C:\vhosts\gramyzmaluchami\index.php(13): CApplication->run()
#15 {main} REQUEST_URI=/
2012/02/05 22:53:00 [error] [php] Missing argument 2 for CDbCommand::join(), called in C:\vhosts\gramyzmaluchami\protected\controllers\SiteController.php on line 33 and defined (C:\vhosts\gramyzmaluchami\framework\db\CDbCommand.php:793)
Stack trace:
#0 C:\vhosts\gramyzmaluchami\framework\web\CController.php(300): CInlineAction->runWithParams()
#1 C:\vhosts\gramyzmaluchami\framework\web\CController.php(278): SiteController->runAction()
#2 C:\vhosts\gramyzmaluchami\framework\web\CController.php(257): SiteController->runActionWithFilters()
#3 C:\vhosts\gramyzmaluchami\framework\web\CWebApplication.php(277): SiteController->run()
#4 C:\vhosts\gramyzmaluchami\framework\web\CWebApplication.php(136): CWebApplication->runController()
#5 C:\vhosts\gramyzmaluchami\framework\base\CApplication.php(158): CWebApplication->processRequest()
#6 C:\vhosts\gramyzmaluchami\index.php(13): CWebApplication->run()
REQUEST_URI=/
in C:\vhosts\gramyzmaluchami\protected\controllers\SiteController.php (33)
in C:\vhosts\gramyzmaluchami\index.php (13)
2012/02/05 22:53:10 [error] [php] Missing argument 2 for CDbCommand::join(), called in C:\vhosts\gramyzmaluchami\protected\controllers\SiteController.php on line 33 and defined (C:\vhosts\gramyzmaluchami\framework\db\CDbCommand.php:793)
Stack trace:
#0 C:\vhosts\gramyzmaluchami\framework\web\CController.php(300): CInlineAction->runWithParams()
#1 C:\vhosts\gramyzmaluchami\framework\web\CController.php(278): SiteController->runAction()
#2 C:\vhosts\gramyzmaluchami\framework\web\CController.php(257): SiteController->runActionWithFilters()
#3 C:\vhosts\gramyzmaluchami\framework\web\CWebApplication.php(277): SiteController->run()
#4 C:\vhosts\gramyzmaluchami\framework\web\CWebApplication.php(136): CWebApplication->runController()
#5 C:\vhosts\gramyzmaluchami\framework\base\CApplication.php(158): CWebApplication->processRequest()
#6 C:\vhosts\gramyzmaluchami\index.php(13): CWebApplication->run()
REQUEST_URI=/
in C:\vhosts\gramyzmaluchami\protected\controllers\SiteController.php (33)
in C:\vhosts\gramyzmaluchami\index.php (13)
2012/02/06 11:14:55 [error] [system.db.CDbCommand] CDbCommand::fetchAll() failed: SQLSTATE[42S22]: Column not found: 1054 Unknown column 'g.name' in 'field list'. The SQL statement executed was: SELECT `a`.`menuTitle`, `c`.`name` AS `catname`, `c`.`description` AS `catdescr`, `g`.`name`, `g`.`description`
FROM `top5category` `t`
JOIN `agelevel` `a` ON t.agelevelId=a.id
JOIN `category` `c` ON t.categoryId=c.id.
in C:\vhosts\gramyzmaluchami\protected\controllers\SiteController.php (33)
in C:\vhosts\gramyzmaluchami\index.php (13)
2012/02/06 11:14:55 [error] [exception.CDbException] exception 'CDbException' with message 'CDbCommand failed to execute the SQL statement: SQLSTATE[42S22]: Column not found: 1054 Unknown column 'g.name' in 'field list'. The SQL statement executed was: SELECT `a`.`menuTitle`, `c`.`name` AS `catname`, `c`.`description` AS `catdescr`, `g`.`name`, `g`.`description`
FROM `top5category` `t`
JOIN `agelevel` `a` ON t.agelevelId=a.id
JOIN `category` `c` ON t.categoryId=c.id' in C:\vhosts\gramyzmaluchami\framework\db\CDbCommand.php:516
Stack trace:
#0 C:\vhosts\gramyzmaluchami\framework\db\CDbCommand.php(374): CDbCommand->queryInternal('fetchAll', Array, Array)
#1 C:\vhosts\gramyzmaluchami\protected\controllers\SiteController.php(33): CDbCommand->queryAll()
#2 C:\vhosts\gramyzmaluchami\framework\web\actions\CInlineAction.php(50): SiteController->actionIndex()
#3 C:\vhosts\gramyzmaluchami\framework\web\CController.php(300): CInlineAction->runWithParams(Array)
#4 C:\vhosts\gramyzmaluchami\framework\web\CController.php(278): CController->runAction(Object(CInlineAction))
#5 C:\vhosts\gramyzmaluchami\framework\web\CController.php(257): CController->runActionWithFilters(Object(CInlineAction), Array)
#6 C:\vhosts\gramyzmaluchami\framework\web\CWebApplication.php(277): CController->run('')
#7 C:\vhosts\gramyzmaluchami\framework\web\CWebApplication.php(136): CWebApplication->runController('')
#8 C:\vhosts\gramyzmaluchami\framework\base\CApplication.php(158): CWebApplication->processRequest()
#9 C:\vhosts\gramyzmaluchami\index.php(13): CApplication->run()
#10 {main} REQUEST_URI=/
2012/02/06 11:21:59 [error] [system.db.CDbCommand] CDbCommand::fetchAll() failed: SQLSTATE[23000]: Integrity constraint violation: 1052 Column 'agelevelId' in group statement is ambiguous. The SQL statement executed was: SELECT `a`.`menuTitle`, `c`.`name`, `c`.`description`
FROM `top5category` `t`
JOIN `agelevel` `a` ON t.agelevelId=a.id
JOIN `category` `c` ON t.categoryId=c.id
GROUP BY `agelevelId`.
in C:\vhosts\gramyzmaluchami\protected\controllers\SiteController.php (34)
in C:\vhosts\gramyzmaluchami\index.php (13)
2012/02/06 11:21:59 [error] [exception.CDbException] exception 'CDbException' with message 'CDbCommand failed to execute the SQL statement: SQLSTATE[23000]: Integrity constraint violation: 1052 Column 'agelevelId' in group statement is ambiguous. The SQL statement executed was: SELECT `a`.`menuTitle`, `c`.`name`, `c`.`description`
FROM `top5category` `t`
JOIN `agelevel` `a` ON t.agelevelId=a.id
JOIN `category` `c` ON t.categoryId=c.id
GROUP BY `agelevelId`' in C:\vhosts\gramyzmaluchami\framework\db\CDbCommand.php:516
Stack trace:
#0 C:\vhosts\gramyzmaluchami\framework\db\CDbCommand.php(374): CDbCommand->queryInternal('fetchAll', Array, Array)
#1 C:\vhosts\gramyzmaluchami\protected\controllers\SiteController.php(34): CDbCommand->queryAll()
#2 C:\vhosts\gramyzmaluchami\framework\web\actions\CInlineAction.php(50): SiteController->actionIndex()
#3 C:\vhosts\gramyzmaluchami\framework\web\CController.php(300): CInlineAction->runWithParams(Array)
#4 C:\vhosts\gramyzmaluchami\framework\web\CController.php(278): CController->runAction(Object(CInlineAction))
#5 C:\vhosts\gramyzmaluchami\framework\web\CController.php(257): CController->runActionWithFilters(Object(CInlineAction), Array)
#6 C:\vhosts\gramyzmaluchami\framework\web\CWebApplication.php(277): CController->run('')
#7 C:\vhosts\gramyzmaluchami\framework\web\CWebApplication.php(136): CWebApplication->runController('')
#8 C:\vhosts\gramyzmaluchami\framework\base\CApplication.php(158): CWebApplication->processRequest()
#9 C:\vhosts\gramyzmaluchami\index.php(13): CApplication->run()
#10 {main} REQUEST_URI=/
2012/02/06 11:27:35 [error] [php] Undefined variable: value (C:\vhosts\gramyzmaluchami\protected\controllers\SiteController.php:36)
Stack trace:
#0 C:\vhosts\gramyzmaluchami\framework\web\CController.php(278): SiteController->runAction()
#1 C:\vhosts\gramyzmaluchami\framework\web\CController.php(257): SiteController->runActionWithFilters()
#2 C:\vhosts\gramyzmaluchami\framework\web\CWebApplication.php(277): SiteController->run()
#3 C:\vhosts\gramyzmaluchami\framework\web\CWebApplication.php(136): CWebApplication->runController()
#4 C:\vhosts\gramyzmaluchami\framework\base\CApplication.php(158): CWebApplication->processRequest()
#5 C:\vhosts\gramyzmaluchami\index.php(13): CWebApplication->run()
REQUEST_URI=/
in C:\vhosts\gramyzmaluchami\protected\controllers\SiteController.php (36)
in C:\vhosts\gramyzmaluchami\index.php (13)
2012/02/06 12:28:59 [error] [exception.CException] exception 'CException' with message 'CDbCommand and its behaviors do not have a method or closure named "params".' in C:\vhosts\gramyzmaluchami\framework\base\CComponent.php:269
Stack trace:
#0 C:\vhosts\gramyzmaluchami\protected\controllers\SiteController.php(44): CComponent->__call('params', Array)
#1 C:\vhosts\gramyzmaluchami\protected\controllers\SiteController.php(44): CDbCommand->params(':categoryId', '1')
#2 C:\vhosts\gramyzmaluchami\framework\web\actions\CInlineAction.php(50): SiteController->actionIndex()
#3 C:\vhosts\gramyzmaluchami\framework\web\CController.php(300): CInlineAction->runWithParams(Array)
#4 C:\vhosts\gramyzmaluchami\framework\web\CController.php(278): CController->runAction(Object(CInlineAction))
#5 C:\vhosts\gramyzmaluchami\framework\web\CController.php(257): CController->runActionWithFilters(Object(CInlineAction), Array)
#6 C:\vhosts\gramyzmaluchami\framework\web\CWebApplication.php(277): CController->run('')
#7 C:\vhosts\gramyzmaluchami\framework\web\CWebApplication.php(136): CWebApplication->runController('')
#8 C:\vhosts\gramyzmaluchami\framework\base\CApplication.php(158): CWebApplication->processRequest()
#9 C:\vhosts\gramyzmaluchami\index.php(13): CApplication->run()
#10 {main} REQUEST_URI=/
2012/02/06 12:30:08 [error] [exception.CException] exception 'CException' with message 'CDbCommand and its behaviors do not have a method or closure named "params".' in C:\vhosts\gramyzmaluchami\framework\base\CComponent.php:269
Stack trace:
#0 C:\vhosts\gramyzmaluchami\protected\controllers\SiteController.php(44): CComponent->__call('params', Array)
#1 C:\vhosts\gramyzmaluchami\protected\controllers\SiteController.php(44): CDbCommand->params(Array)
#2 C:\vhosts\gramyzmaluchami\framework\web\actions\CInlineAction.php(50): SiteController->actionIndex()
#3 C:\vhosts\gramyzmaluchami\framework\web\CController.php(300): CInlineAction->runWithParams(Array)
#4 C:\vhosts\gramyzmaluchami\framework\web\CController.php(278): CController->runAction(Object(CInlineAction))
#5 C:\vhosts\gramyzmaluchami\framework\web\CController.php(257): CController->runActionWithFilters(Object(CInlineAction), Array)
#6 C:\vhosts\gramyzmaluchami\framework\web\CWebApplication.php(277): CController->run('')
#7 C:\vhosts\gramyzmaluchami\framework\web\CWebApplication.php(136): CWebApplication->runController('')
#8 C:\vhosts\gramyzmaluchami\framework\base\CApplication.php(158): CWebApplication->processRequest()
#9 C:\vhosts\gramyzmaluchami\index.php(13): CApplication->run()
#10 {main} REQUEST_URI=/
2012/02/06 15:21:26 [error] [exception.CException] exception 'CException' with message 'Property "CTop5box.dataProvider" is not defined.' in C:\vhosts\gramyzmaluchami\framework\base\CComponent.php:174
Stack trace:
#0 C:\vhosts\gramyzmaluchami\framework\web\CWidgetFactory.php(162): CComponent->__set('dataProvider', Array)
#1 C:\vhosts\gramyzmaluchami\framework\web\CBaseController.php(139): CWidgetFactory->createWidget(Object(SiteController), 'zii.widgets.CTo...', Array)
#2 C:\vhosts\gramyzmaluchami\framework\web\CBaseController.php(165): CBaseController->createWidget('zii.widgets.CTo...', Array)
#3 C:\vhosts\gramyzmaluchami\protected\views\site\index.php(4): CBaseController->widget('zii.widgets.CTo...', Array)
#4 C:\vhosts\gramyzmaluchami\framework\web\CBaseController.php(119): require('C:\vhosts\gramy...')
#5 C:\vhosts\gramyzmaluchami\framework\web\CBaseController.php(88): CBaseController->renderInternal('C:\vhosts\gramy...', Array, true)
#6 C:\vhosts\gramyzmaluchami\framework\web\CController.php(866): CBaseController->renderFile('C:\vhosts\gramy...', Array, true)
#7 C:\vhosts\gramyzmaluchami\framework\web\CController.php(779): CController->renderPartial('index', Array, true)
#8 C:\vhosts\gramyzmaluchami\protected\controllers\SiteController.php(55): CController->render('index', Array)
#9 C:\vhosts\gramyzmaluchami\framework\web\actions\CInlineAction.php(50): SiteController->actionIndex()
#10 C:\vhosts\gramyzmaluchami\framework\web\CController.php(300): CInlineAction->runWithParams(Array)
#11 C:\vhosts\gramyzmaluchami\framework\web\CController.php(278): CController->runAction(Object(CInlineAction))
#12 C:\vhosts\gramyzmaluchami\framework\web\CController.php(257): CController->runActionWithFilters(Object(CInlineAction), Array)
#13 C:\vhosts\gramyzmaluchami\framework\web\CWebApplication.php(277): CController->run('')
#14 C:\vhosts\gramyzmaluchami\framework\web\CWebApplication.php(136): CWebApplication->runController('')
#15 C:\vhosts\gramyzmaluchami\framework\base\CApplication.php(158): CWebApplication->processRequest()
#16 C:\vhosts\gramyzmaluchami\index.php(13): CApplication->run()
#17 {main} REQUEST_URI=/
2012/02/06 15:22:15 [error] [exception.CException] exception 'CException' with message 'Property "CTop5box.dataProvider" is not defined.' in C:\vhosts\gramyzmaluchami\framework\base\CComponent.php:174
Stack trace:
#0 C:\vhosts\gramyzmaluchami\framework\web\CWidgetFactory.php(162): CComponent->__set('dataProvider', Array)
#1 C:\vhosts\gramyzmaluchami\framework\web\CBaseController.php(139): CWidgetFactory->createWidget(Object(SiteController), 'zii.widgets.CTo...', Array)
#2 C:\vhosts\gramyzmaluchami\framework\web\CBaseController.php(165): CBaseController->createWidget('zii.widgets.CTo...', Array)
#3 C:\vhosts\gramyzmaluchami\protected\views\site\index.php(4): CBaseController->widget('zii.widgets.CTo...', Array)
#4 C:\vhosts\gramyzmaluchami\framework\web\CBaseController.php(119): require('C:\vhosts\gramy...')
#5 C:\vhosts\gramyzmaluchami\framework\web\CBaseController.php(88): CBaseController->renderInternal('C:\vhosts\gramy...', Array, true)
#6 C:\vhosts\gramyzmaluchami\framework\web\CController.php(866): CBaseController->renderFile('C:\vhosts\gramy...', Array, true)
#7 C:\vhosts\gramyzmaluchami\framework\web\CController.php(779): CController->renderPartial('index', Array, true)
#8 C:\vhosts\gramyzmaluchami\protected\controllers\SiteController.php(55): CController->render('index', Array)
#9 C:\vhosts\gramyzmaluchami\framework\web\actions\CInlineAction.php(50): SiteController->actionIndex()
#10 C:\vhosts\gramyzmaluchami\framework\web\CController.php(300): CInlineAction->runWithParams(Array)
#11 C:\vhosts\gramyzmaluchami\framework\web\CController.php(278): CController->runAction(Object(CInlineAction))
#12 C:\vhosts\gramyzmaluchami\framework\web\CController.php(257): CController->runActionWithFilters(Object(CInlineAction), Array)
#13 C:\vhosts\gramyzmaluchami\framework\web\CWebApplication.php(277): CController->run('')
#14 C:\vhosts\gramyzmaluchami\framework\web\CWebApplication.php(136): CWebApplication->runController('')
#15 C:\vhosts\gramyzmaluchami\framework\base\CApplication.php(158): CWebApplication->processRequest()
#16 C:\vhosts\gramyzmaluchami\index.php(13): CApplication->run()
#17 {main} REQUEST_URI=/
2012/02/06 15:22:18 [error] [exception.CException] exception 'CException' with message 'Property "CTop5box.dataProvider" is not defined.' in C:\vhosts\gramyzmaluchami\framework\base\CComponent.php:174
Stack trace:
#0 C:\vhosts\gramyzmaluchami\framework\web\CWidgetFactory.php(162): CComponent->__set('dataProvider', Array)
#1 C:\vhosts\gramyzmaluchami\framework\web\CBaseController.php(139): CWidgetFactory->createWidget(Object(SiteController), 'zii.widgets.CTo...', Array)
#2 C:\vhosts\gramyzmaluchami\framework\web\CBaseController.php(165): CBaseController->createWidget('zii.widgets.CTo...', Array)
#3 C:\vhosts\gramyzmaluchami\protected\views\site\index.php(4): CBaseController->widget('zii.widgets.CTo...', Array)
#4 C:\vhosts\gramyzmaluchami\framework\web\CBaseController.php(119): require('C:\vhosts\gramy...')
#5 C:\vhosts\gramyzmaluchami\framework\web\CBaseController.php(88): CBaseController->renderInternal('C:\vhosts\gramy...', Array, true)
#6 C:\vhosts\gramyzmaluchami\framework\web\CController.php(866): CBaseController->renderFile('C:\vhosts\gramy...', Array, true)
#7 C:\vhosts\gramyzmaluchami\framework\web\CController.php(779): CController->renderPartial('index', Array, true)
#8 C:\vhosts\gramyzmaluchami\protected\controllers\SiteController.php(55): CController->render('index', Array)
#9 C:\vhosts\gramyzmaluchami\framework\web\actions\CInlineAction.php(50): SiteController->actionIndex()
#10 C:\vhosts\gramyzmaluchami\framework\web\CController.php(300): CInlineAction->runWithParams(Array)
#11 C:\vhosts\gramyzmaluchami\framework\web\CController.php(278): CController->runAction(Object(CInlineAction))
#12 C:\vhosts\gramyzmaluchami\framework\web\CController.php(257): CController->runActionWithFilters(Object(CInlineAction), Array)
#13 C:\vhosts\gramyzmaluchami\framework\web\CWebApplication.php(277): CController->run('')
#14 C:\vhosts\gramyzmaluchami\framework\web\CWebApplication.php(136): CWebApplication->runController('')
#15 C:\vhosts\gramyzmaluchami\framework\base\CApplication.php(158): CWebApplication->processRequest()
#16 C:\vhosts\gramyzmaluchami\index.php(13): CApplication->run()
#17 {main} REQUEST_URI=/
2012/02/06 21:27:30 [error] [php] Undefined variable: top5box (C:\vhosts\gramyzmaluchami\protected\views\site\index.php:3)
Stack trace:
#0 C:\vhosts\gramyzmaluchami\framework\web\CController.php(866): SiteController->renderFile()
#1 C:\vhosts\gramyzmaluchami\framework\web\CController.php(779): SiteController->renderPartial()
#2 C:\vhosts\gramyzmaluchami\protected\controllers\SiteController.php(55): SiteController->render()
#3 C:\vhosts\gramyzmaluchami\framework\web\actions\CInlineAction.php(50): SiteController->actionIndex()
#4 C:\vhosts\gramyzmaluchami\framework\web\CController.php(300): CInlineAction->runWithParams()
#5 C:\vhosts\gramyzmaluchami\framework\web\CController.php(278): SiteController->runAction()
#6 C:\vhosts\gramyzmaluchami\framework\web\CController.php(257): SiteController->runActionWithFilters()
#7 C:\vhosts\gramyzmaluchami\framework\web\CWebApplication.php(277): SiteController->run()
#8 C:\vhosts\gramyzmaluchami\framework\web\CWebApplication.php(136): CWebApplication->runController()
#9 C:\vhosts\gramyzmaluchami\framework\base\CApplication.php(158): CWebApplication->processRequest()
#10 C:\vhosts\gramyzmaluchami\index.php(13): CWebApplication->run()
REQUEST_URI=/
in C:\vhosts\gramyzmaluchami\protected\views\site\index.php (3)
in C:\vhosts\gramyzmaluchami\protected\controllers\SiteController.php (55)
in C:\vhosts\gramyzmaluchami\index.php (13)
2012/02/09 19:10:38 [error] [php] Undefined variable: dataProvider (C:\vhosts\gramyzmaluchami\protected\views\layouts\main.php:51)
Stack trace:
#0 C:\vhosts\gramyzmaluchami\framework\web\widgets\CContentDecorator.php(78): SiteController->renderFile()
#1 C:\vhosts\gramyzmaluchami\framework\web\widgets\CContentDecorator.php(56): CContentDecorator->decorate()
#2 C:\vhosts\gramyzmaluchami\framework\web\widgets\COutputProcessor.php(45): CContentDecorator->processOutput()
#3 C:\vhosts\gramyzmaluchami\framework\web\CBaseController.php(199): CContentDecorator->run()
#4 C:\vhosts\gramyzmaluchami\framework\web\CBaseController.php(294): SiteController->endWidget()
#5 C:\vhosts\gramyzmaluchami\protected\views\layouts\column1.php(7): SiteController->endContent()
#6 C:\vhosts\gramyzmaluchami\framework\web\CBaseController.php(119): require()
#7 C:\vhosts\gramyzmaluchami\framework\web\CBaseController.php(88): SiteController->renderInternal()
#8 C:\vhosts\gramyzmaluchami\framework\web\CController.php(781): SiteController->renderFile()
#9 C:\vhosts\gramyzmaluchami\protected\controllers\SiteController.php(84): SiteController->render()
#10 C:\vhosts\gramyzmaluchami\framework\web\actions\CInlineAction.php(50): SiteController->actionContact()
#11 C:\vhosts\gramyzmaluchami\framework\web\CController.php(300): CInlineAction->runWithParams()
#12 C:\vhosts\gramyzmaluchami\framework\web\CController.php(278): SiteController->runAction()
#13 C:\vhosts\gramyzmaluchami\framework\web\CController.php(257): SiteController->runActionWithFilters()
#14 C:\vhosts\gramyzmaluchami\framework\web\CWebApplication.php(277): SiteController->run()
#15 C:\vhosts\gramyzmaluchami\framework\web\CWebApplication.php(136): CWebApplication->runController()
#16 C:\vhosts\gramyzmaluchami\framework\base\CApplication.php(158): CWebApplication->processRequest()
#17 C:\vhosts\gramyzmaluchami\index.php(13): CWebApplication->run()
REQUEST_URI=/index.php/site/contact
in C:\vhosts\gramyzmaluchami\protected\views\layouts\main.php (51)
in C:\vhosts\gramyzmaluchami\protected\views\layouts\column1.php (7)
in C:\vhosts\gramyzmaluchami\protected\controllers\SiteController.php (84)
2012/02/09 19:11:04 [error] [php] Undefined index:  menuTitle (C:\vhosts\gramyzmaluchami\framework\zii\widgets\CLeftMenu.php:11)
Stack trace:
#0 C:\vhosts\gramyzmaluchami\protected\views\layouts\main.php(52): SiteController->widget()
#1 C:\vhosts\gramyzmaluchami\framework\web\CBaseController.php(119): require()
#2 C:\vhosts\gramyzmaluchami\framework\web\CBaseController.php(88): SiteController->renderInternal()
#3 C:\vhosts\gramyzmaluchami\framework\web\widgets\CContentDecorator.php(78): SiteController->renderFile()
#4 C:\vhosts\gramyzmaluchami\framework\web\widgets\CContentDecorator.php(56): CContentDecorator->decorate()
#5 C:\vhosts\gramyzmaluchami\framework\web\widgets\COutputProcessor.php(45): CContentDecorator->processOutput()
#6 C:\vhosts\gramyzmaluchami\framework\web\CBaseController.php(199): CContentDecorator->run()
#7 C:\vhosts\gramyzmaluchami\framework\web\CBaseController.php(294): SiteController->endWidget()
#8 C:\vhosts\gramyzmaluchami\protected\views\layouts\column1.php(7): SiteController->endContent()
#9 C:\vhosts\gramyzmaluchami\framework\web\CBaseController.php(119): require()
#10 C:\vhosts\gramyzmaluchami\framework\web\CBaseController.php(88): SiteController->renderInternal()
#11 C:\vhosts\gramyzmaluchami\framework\web\CController.php(781): SiteController->renderFile()
#12 C:\vhosts\gramyzmaluchami\protected\controllers\SiteController.php(84): SiteController->render()
#13 C:\vhosts\gramyzmaluchami\framework\web\actions\CInlineAction.php(50): SiteController->actionContact()
#14 C:\vhosts\gramyzmaluchami\framework\web\CController.php(300): CInlineAction->runWithParams()
#15 C:\vhosts\gramyzmaluchami\framework\web\CController.php(278): SiteController->runAction()
#16 C:\vhosts\gramyzmaluchami\framework\web\CController.php(257): SiteController->runActionWithFilters()
#17 C:\vhosts\gramyzmaluchami\framework\web\CWebApplication.php(277): SiteController->run()
#18 C:\vhosts\gramyzmaluchami\framework\web\CWebApplication.php(136): CWebApplication->runController()
#19 C:\vhosts\gramyzmaluchami\framework\base\CApplication.php(158): CWebApplication->processRequest()
#20 C:\vhosts\gramyzmaluchami\index.php(13): CWebApplication->run()
REQUEST_URI=/index.php/site/contact
in C:\vhosts\gramyzmaluchami\protected\views\layouts\main.php (52)
in C:\vhosts\gramyzmaluchami\protected\views\layouts\column1.php (7)
in C:\vhosts\gramyzmaluchami\protected\controllers\SiteController.php (84)
2012/02/09 19:13:07 [error] [php] Undefined index:  menuTitle (C:\vhosts\gramyzmaluchami\framework\zii\widgets\CLeftMenu.php:11)
Stack trace:
#0 C:\vhosts\gramyzmaluchami\protected\views\layouts\main.php(52): SiteController->widget()
#1 C:\vhosts\gramyzmaluchami\framework\web\CBaseController.php(119): require()
#2 C:\vhosts\gramyzmaluchami\framework\web\CBaseController.php(88): SiteController->renderInternal()
#3 C:\vhosts\gramyzmaluchami\framework\web\widgets\CContentDecorator.php(78): SiteController->renderFile()
#4 C:\vhosts\gramyzmaluchami\framework\web\widgets\CContentDecorator.php(56): CContentDecorator->decorate()
#5 C:\vhosts\gramyzmaluchami\framework\web\widgets\COutputProcessor.php(45): CContentDecorator->processOutput()
#6 C:\vhosts\gramyzmaluchami\framework\web\CBaseController.php(199): CContentDecorator->run()
#7 C:\vhosts\gramyzmaluchami\framework\web\CBaseController.php(294): SiteController->endWidget()
#8 C:\vhosts\gramyzmaluchami\protected\views\layouts\column1.php(7): SiteController->endContent()
#9 C:\vhosts\gramyzmaluchami\framework\web\CBaseController.php(119): require()
#10 C:\vhosts\gramyzmaluchami\framework\web\CBaseController.php(88): SiteController->renderInternal()
#11 C:\vhosts\gramyzmaluchami\framework\web\CController.php(781): SiteController->renderFile()
#12 C:\vhosts\gramyzmaluchami\protected\controllers\SiteController.php(84): SiteController->render()
#13 C:\vhosts\gramyzmaluchami\framework\web\actions\CInlineAction.php(50): SiteController->actionContact()
#14 C:\vhosts\gramyzmaluchami\framework\web\CController.php(300): CInlineAction->runWithParams()
#15 C:\vhosts\gramyzmaluchami\framework\web\CController.php(278): SiteController->runAction()
#16 C:\vhosts\gramyzmaluchami\framework\web\CController.php(257): SiteController->runActionWithFilters()
#17 C:\vhosts\gramyzmaluchami\framework\web\CWebApplication.php(277): SiteController->run()
#18 C:\vhosts\gramyzmaluchami\framework\web\CWebApplication.php(136): CWebApplication->runController()
#19 C:\vhosts\gramyzmaluchami\framework\base\CApplication.php(158): CWebApplication->processRequest()
#20 C:\vhosts\gramyzmaluchami\index.php(13): CWebApplication->run()
REQUEST_URI=/index.php/site/contact
in C:\vhosts\gramyzmaluchami\protected\views\layouts\main.php (52)
in C:\vhosts\gramyzmaluchami\protected\views\layouts\column1.php (7)
in C:\vhosts\gramyzmaluchami\protected\controllers\SiteController.php (84)
2012/02/09 19:53:32 [error] [system.db.CDbCommand] CDbCommand::fetchAll() failed: SQLSTATE[42S22]: Column not found: 1054 Unknown column 't.position' in 'field list'. The SQL statement executed was: SELECT `a`.`menuTitle`, `c`.`name`, `c`.`description`, `c`.`id`, `t`.`position`
FROM `agelevel` `a`
JOIN `category` `c` ON t.categoryId=c.id
ORDER BY `t`.`agelevelId`.
in C:\vhosts\gramyzmaluchami\protected\views\layouts\main.php (52)
in C:\vhosts\gramyzmaluchami\protected\views\layouts\column1.php (7)
in C:\vhosts\gramyzmaluchami\protected\controllers\SiteController.php (55)
2012/02/09 19:53:32 [error] [exception.CDbException] exception 'CDbException' with message 'CDbCommand failed to execute the SQL statement: SQLSTATE[42S22]: Column not found: 1054 Unknown column 't.position' in 'field list'. The SQL statement executed was: SELECT `a`.`menuTitle`, `c`.`name`, `c`.`description`, `c`.`id`, `t`.`position`
FROM `agelevel` `a`
JOIN `category` `c` ON t.categoryId=c.id
ORDER BY `t`.`agelevelId`' in C:\vhosts\gramyzmaluchami\framework\db\CDbCommand.php:516
Stack trace:
#0 C:\vhosts\gramyzmaluchami\framework\db\CDbCommand.php(374): CDbCommand->queryInternal('fetchAll', Array, Array)
#1 C:\vhosts\gramyzmaluchami\framework\zii\widgets\CLeftMenu.php(15): CDbCommand->queryAll()
#2 C:\vhosts\gramyzmaluchami\framework\web\CBaseController.php(140): CLeftMenu->init()
#3 C:\vhosts\gramyzmaluchami\framework\web\CBaseController.php(165): CBaseController->createWidget('zii.widgets.CLe...', Array)
#4 C:\vhosts\gramyzmaluchami\protected\views\layouts\main.php(52): CBaseController->widget('zii.widgets.CLe...', Array)
#5 C:\vhosts\gramyzmaluchami\framework\web\CBaseController.php(119): require('C:\vhosts\gramy...')
#6 C:\vhosts\gramyzmaluchami\framework\web\CBaseController.php(88): CBaseController->renderInternal('C:\vhosts\gramy...', Array, true)
#7 C:\vhosts\gramyzmaluchami\framework\web\widgets\CContentDecorator.php(78): CBaseController->renderFile('C:\vhosts\gramy...', Array, true)
#8 C:\vhosts\gramyzmaluchami\framework\web\widgets\CContentDecorator.php(56): CContentDecorator->decorate('<div class="con...')
#9 C:\vhosts\gramyzmaluchami\framework\web\widgets\COutputProcessor.php(45): CContentDecorator->processOutput('<div class="con...')
#10 C:\vhosts\gramyzmaluchami\framework\web\CBaseController.php(199): COutputProcessor->run()
#11 C:\vhosts\gramyzmaluchami\framework\web\CBaseController.php(294): CBaseController->endWidget('CContentDecorat...')
#12 C:\vhosts\gramyzmaluchami\protected\views\layouts\column1.php(7): CBaseController->endContent()
#13 C:\vhosts\gramyzmaluchami\framework\web\CBaseController.php(119): require('C:\vhosts\gramy...')
#14 C:\vhosts\gramyzmaluchami\framework\web\CBaseController.php(88): CBaseController->renderInternal('C:\vhosts\gramy...', Array, true)
#15 C:\vhosts\gramyzmaluchami\framework\web\CController.php(781): CBaseController->renderFile('C:\vhosts\gramy...', Array, true)
#16 C:\vhosts\gramyzmaluchami\protected\controllers\SiteController.php(55): CController->render('index', Array)
#17 C:\vhosts\gramyzmaluchami\framework\web\actions\CInlineAction.php(50): SiteController->actionIndex()
#18 C:\vhosts\gramyzmaluchami\framework\web\CController.php(300): CInlineAction->runWithParams(Array)
#19 C:\vhosts\gramyzmaluchami\framework\web\CController.php(278): CController->runAction(Object(CInlineAction))
#20 C:\vhosts\gramyzmaluchami\framework\web\CController.php(257): CController->runActionWithFilters(Object(CInlineAction), Array)
#21 C:\vhosts\gramyzmaluchami\framework\web\CWebApplication.php(277): CController->run('index')
#22 C:\vhosts\gramyzmaluchami\framework\web\CWebApplication.php(136): CWebApplication->runController('site/index')
#23 C:\vhosts\gramyzmaluchami\framework\base\CApplication.php(158): CWebApplication->processRequest()
#24 C:\vhosts\gramyzmaluchami\index.php(13): CApplication->run()
#25 {main} REQUEST_URI=/index.php/site/index
2012/02/09 19:54:40 [error] [system.db.CDbCommand] CDbCommand::fetchAll() failed: SQLSTATE[42S22]: Column not found: 1054 Unknown column 't.categoryId' in 'on clause'. The SQL statement executed was: SELECT `a`.`menuTitle`, `c`.`name`, `c`.`description`, `c`.`id`
FROM `agelevel` `a`
JOIN `category` `c` ON t.categoryId=c.id
ORDER BY `t`.`agelevelId`.
in C:\vhosts\gramyzmaluchami\protected\views\layouts\main.php (52)
in C:\vhosts\gramyzmaluchami\protected\views\layouts\column1.php (7)
in C:\vhosts\gramyzmaluchami\protected\controllers\SiteController.php (55)
2012/02/09 19:54:40 [error] [exception.CDbException] exception 'CDbException' with message 'CDbCommand failed to execute the SQL statement: SQLSTATE[42S22]: Column not found: 1054 Unknown column 't.categoryId' in 'on clause'. The SQL statement executed was: SELECT `a`.`menuTitle`, `c`.`name`, `c`.`description`, `c`.`id`
FROM `agelevel` `a`
JOIN `category` `c` ON t.categoryId=c.id
ORDER BY `t`.`agelevelId`' in C:\vhosts\gramyzmaluchami\framework\db\CDbCommand.php:516
Stack trace:
#0 C:\vhosts\gramyzmaluchami\framework\db\CDbCommand.php(374): CDbCommand->queryInternal('fetchAll', Array, Array)
#1 C:\vhosts\gramyzmaluchami\framework\zii\widgets\CLeftMenu.php(15): CDbCommand->queryAll()
#2 C:\vhosts\gramyzmaluchami\framework\web\CBaseController.php(140): CLeftMenu->init()
#3 C:\vhosts\gramyzmaluchami\framework\web\CBaseController.php(165): CBaseController->createWidget('zii.widgets.CLe...', Array)
#4 C:\vhosts\gramyzmaluchami\protected\views\layouts\main.php(52): CBaseController->widget('zii.widgets.CLe...', Array)
#5 C:\vhosts\gramyzmaluchami\framework\web\CBaseController.php(119): require('C:\vhosts\gramy...')
#6 C:\vhosts\gramyzmaluchami\framework\web\CBaseController.php(88): CBaseController->renderInternal('C:\vhosts\gramy...', Array, true)
#7 C:\vhosts\gramyzmaluchami\framework\web\widgets\CContentDecorator.php(78): CBaseController->renderFile('C:\vhosts\gramy...', Array, true)
#8 C:\vhosts\gramyzmaluchami\framework\web\widgets\CContentDecorator.php(56): CContentDecorator->decorate('<div class="con...')
#9 C:\vhosts\gramyzmaluchami\framework\web\widgets\COutputProcessor.php(45): CContentDecorator->processOutput('<div class="con...')
#10 C:\vhosts\gramyzmaluchami\framework\web\CBaseController.php(199): COutputProcessor->run()
#11 C:\vhosts\gramyzmaluchami\framework\web\CBaseController.php(294): CBaseController->endWidget('CContentDecorat...')
#12 C:\vhosts\gramyzmaluchami\protected\views\layouts\column1.php(7): CBaseController->endContent()
#13 C:\vhosts\gramyzmaluchami\framework\web\CBaseController.php(119): require('C:\vhosts\gramy...')
#14 C:\vhosts\gramyzmaluchami\framework\web\CBaseController.php(88): CBaseController->renderInternal('C:\vhosts\gramy...', Array, true)
#15 C:\vhosts\gramyzmaluchami\framework\web\CController.php(781): CBaseController->renderFile('C:\vhosts\gramy...', Array, true)
#16 C:\vhosts\gramyzmaluchami\protected\controllers\SiteController.php(55): CController->render('index', Array)
#17 C:\vhosts\gramyzmaluchami\framework\web\actions\CInlineAction.php(50): SiteController->actionIndex()
#18 C:\vhosts\gramyzmaluchami\framework\web\CController.php(300): CInlineAction->runWithParams(Array)
#19 C:\vhosts\gramyzmaluchami\framework\web\CController.php(278): CController->runAction(Object(CInlineAction))
#20 C:\vhosts\gramyzmaluchami\framework\web\CController.php(257): CController->runActionWithFilters(Object(CInlineAction), Array)
#21 C:\vhosts\gramyzmaluchami\framework\web\CWebApplication.php(277): CController->run('index')
#22 C:\vhosts\gramyzmaluchami\framework\web\CWebApplication.php(136): CWebApplication->runController('site/index')
#23 C:\vhosts\gramyzmaluchami\framework\base\CApplication.php(158): CWebApplication->processRequest()
#24 C:\vhosts\gramyzmaluchami\index.php(13): CApplication->run()
#25 {main} REQUEST_URI=/index.php/site/index
2012/02/09 19:56:34 [error] [system.db.CDbCommand] CDbCommand::fetchAll() failed: SQLSTATE[42S22]: Column not found: 1054 Unknown column 't.agelevelId' in 'order clause'. The SQL statement executed was: SELECT `a`.`menuTitle`, `c`.`name`, `c`.`description`, `c`.`id`
FROM `category` `c`
JOIN `agelevel` `a` ON c.agelevelId=a.id
ORDER BY `t`.`agelevelId`.
in C:\vhosts\gramyzmaluchami\protected\views\layouts\main.php (52)
in C:\vhosts\gramyzmaluchami\protected\views\layouts\column1.php (7)
in C:\vhosts\gramyzmaluchami\protected\controllers\SiteController.php (55)
2012/02/09 19:56:34 [error] [exception.CDbException] exception 'CDbException' with message 'CDbCommand failed to execute the SQL statement: SQLSTATE[42S22]: Column not found: 1054 Unknown column 't.agelevelId' in 'order clause'. The SQL statement executed was: SELECT `a`.`menuTitle`, `c`.`name`, `c`.`description`, `c`.`id`
FROM `category` `c`
JOIN `agelevel` `a` ON c.agelevelId=a.id
ORDER BY `t`.`agelevelId`' in C:\vhosts\gramyzmaluchami\framework\db\CDbCommand.php:516
Stack trace:
#0 C:\vhosts\gramyzmaluchami\framework\db\CDbCommand.php(374): CDbCommand->queryInternal('fetchAll', Array, Array)
#1 C:\vhosts\gramyzmaluchami\framework\zii\widgets\CLeftMenu.php(15): CDbCommand->queryAll()
#2 C:\vhosts\gramyzmaluchami\framework\web\CBaseController.php(140): CLeftMenu->init()
#3 C:\vhosts\gramyzmaluchami\framework\web\CBaseController.php(165): CBaseController->createWidget('zii.widgets.CLe...', Array)
#4 C:\vhosts\gramyzmaluchami\protected\views\layouts\main.php(52): CBaseController->widget('zii.widgets.CLe...', Array)
#5 C:\vhosts\gramyzmaluchami\framework\web\CBaseController.php(119): require('C:\vhosts\gramy...')
#6 C:\vhosts\gramyzmaluchami\framework\web\CBaseController.php(88): CBaseController->renderInternal('C:\vhosts\gramy...', Array, true)
#7 C:\vhosts\gramyzmaluchami\framework\web\widgets\CContentDecorator.php(78): CBaseController->renderFile('C:\vhosts\gramy...', Array, true)
#8 C:\vhosts\gramyzmaluchami\framework\web\widgets\CContentDecorator.php(56): CContentDecorator->decorate('<div class="con...')
#9 C:\vhosts\gramyzmaluchami\framework\web\widgets\COutputProcessor.php(45): CContentDecorator->processOutput('<div class="con...')
#10 C:\vhosts\gramyzmaluchami\framework\web\CBaseController.php(199): COutputProcessor->run()
#11 C:\vhosts\gramyzmaluchami\framework\web\CBaseController.php(294): CBaseController->endWidget('CContentDecorat...')
#12 C:\vhosts\gramyzmaluchami\protected\views\layouts\column1.php(7): CBaseController->endContent()
#13 C:\vhosts\gramyzmaluchami\framework\web\CBaseController.php(119): require('C:\vhosts\gramy...')
#14 C:\vhosts\gramyzmaluchami\framework\web\CBaseController.php(88): CBaseController->renderInternal('C:\vhosts\gramy...', Array, true)
#15 C:\vhosts\gramyzmaluchami\framework\web\CController.php(781): CBaseController->renderFile('C:\vhosts\gramy...', Array, true)
#16 C:\vhosts\gramyzmaluchami\protected\controllers\SiteController.php(55): CController->render('index', Array)
#17 C:\vhosts\gramyzmaluchami\framework\web\actions\CInlineAction.php(50): SiteController->actionIndex()
#18 C:\vhosts\gramyzmaluchami\framework\web\CController.php(300): CInlineAction->runWithParams(Array)
#19 C:\vhosts\gramyzmaluchami\framework\web\CController.php(278): CController->runAction(Object(CInlineAction))
#20 C:\vhosts\gramyzmaluchami\framework\web\CController.php(257): CController->runActionWithFilters(Object(CInlineAction), Array)
#21 C:\vhosts\gramyzmaluchami\framework\web\CWebApplication.php(277): CController->run('index')
#22 C:\vhosts\gramyzmaluchami\framework\web\CWebApplication.php(136): CWebApplication->runController('site/index')
#23 C:\vhosts\gramyzmaluchami\framework\base\CApplication.php(158): CWebApplication->processRequest()
#24 C:\vhosts\gramyzmaluchami\index.php(13): CApplication->run()
#25 {main} REQUEST_URI=/index.php/site/index
2012/02/09 20:29:06 [error] [system.db.CDbCommand] CDbCommand::fetchAll() failed: SQLSTATE[42S22]: Column not found: 1054 Unknown column 'a.agelevelId' in 'field list'. The SQL statement executed was: SELECT `a`.`agelevelId`, `a`.`menuTitle`, `c`.`name`, `c`.`description`, `c`.`catid`
FROM `agelevel` `a`
JOIN `category` `c` ON c.agelevelId=a.id
ORDER BY `c`.`agelevelId`.
in C:\vhosts\gramyzmaluchami\protected\views\layouts\main.php (52)
in C:\vhosts\gramyzmaluchami\protected\views\layouts\column1.php (7)
in C:\vhosts\gramyzmaluchami\protected\controllers\SiteController.php (55)
2012/02/09 20:29:06 [error] [exception.CDbException] exception 'CDbException' with message 'CDbCommand failed to execute the SQL statement: SQLSTATE[42S22]: Column not found: 1054 Unknown column 'a.agelevelId' in 'field list'. The SQL statement executed was: SELECT `a`.`agelevelId`, `a`.`menuTitle`, `c`.`name`, `c`.`description`, `c`.`catid`
FROM `agelevel` `a`
JOIN `category` `c` ON c.agelevelId=a.id
ORDER BY `c`.`agelevelId`' in C:\vhosts\gramyzmaluchami\framework\db\CDbCommand.php:516
Stack trace:
#0 C:\vhosts\gramyzmaluchami\framework\db\CDbCommand.php(374): CDbCommand->queryInternal('fetchAll', Array, Array)
#1 C:\vhosts\gramyzmaluchami\framework\zii\widgets\CLeftMenu.php(15): CDbCommand->queryAll()
#2 C:\vhosts\gramyzmaluchami\framework\web\CBaseController.php(140): CLeftMenu->init()
#3 C:\vhosts\gramyzmaluchami\framework\web\CBaseController.php(165): CBaseController->createWidget('zii.widgets.CLe...', Array)
#4 C:\vhosts\gramyzmaluchami\protected\views\layouts\main.php(52): CBaseController->widget('zii.widgets.CLe...', Array)
#5 C:\vhosts\gramyzmaluchami\framework\web\CBaseController.php(119): require('C:\vhosts\gramy...')
#6 C:\vhosts\gramyzmaluchami\framework\web\CBaseController.php(88): CBaseController->renderInternal('C:\vhosts\gramy...', Array, true)
#7 C:\vhosts\gramyzmaluchami\framework\web\widgets\CContentDecorator.php(78): CBaseController->renderFile('C:\vhosts\gramy...', Array, true)
#8 C:\vhosts\gramyzmaluchami\framework\web\widgets\CContentDecorator.php(56): CContentDecorator->decorate('<div class="con...')
#9 C:\vhosts\gramyzmaluchami\framework\web\widgets\COutputProcessor.php(45): CContentDecorator->processOutput('<div class="con...')
#10 C:\vhosts\gramyzmaluchami\framework\web\CBaseController.php(199): COutputProcessor->run()
#11 C:\vhosts\gramyzmaluchami\framework\web\CBaseController.php(294): CBaseController->endWidget('CContentDecorat...')
#12 C:\vhosts\gramyzmaluchami\protected\views\layouts\column1.php(7): CBaseController->endContent()
#13 C:\vhosts\gramyzmaluchami\framework\web\CBaseController.php(119): require('C:\vhosts\gramy...')
#14 C:\vhosts\gramyzmaluchami\framework\web\CBaseController.php(88): CBaseController->renderInternal('C:\vhosts\gramy...', Array, true)
#15 C:\vhosts\gramyzmaluchami\framework\web\CController.php(781): CBaseController->renderFile('C:\vhosts\gramy...', Array, true)
#16 C:\vhosts\gramyzmaluchami\protected\controllers\SiteController.php(55): CController->render('index', Array)
#17 C:\vhosts\gramyzmaluchami\framework\web\actions\CInlineAction.php(50): SiteController->actionIndex()
#18 C:\vhosts\gramyzmaluchami\framework\web\CController.php(300): CInlineAction->runWithParams(Array)
#19 C:\vhosts\gramyzmaluchami\framework\web\CController.php(278): CController->runAction(Object(CInlineAction))
#20 C:\vhosts\gramyzmaluchami\framework\web\CController.php(257): CController->runActionWithFilters(Object(CInlineAction), Array)
#21 C:\vhosts\gramyzmaluchami\framework\web\CWebApplication.php(277): CController->run('index')
#22 C:\vhosts\gramyzmaluchami\framework\web\CWebApplication.php(136): CWebApplication->runController('site/index')
#23 C:\vhosts\gramyzmaluchami\framework\base\CApplication.php(158): CWebApplication->processRequest()
#24 C:\vhosts\gramyzmaluchami\index.php(13): CApplication->run()
#25 {main} REQUEST_URI=/index.php/site/index
2012/02/10 19:52:54 [error] [php] include(CRecomendedList.php) [<a href='function.include'>function.include</a>]: failed to open stream: No such file or directory (C:\vhosts\gramyzmaluchami\framework\YiiBase.php:421)
Stack trace:
#0 C:\vhosts\gramyzmaluchami\framework\web\CWidgetFactory.php(148): spl_autoload_call()
#1 C:\vhosts\gramyzmaluchami\framework\web\CBaseController.php(139): CWidgetFactory->createWidget()
#2 C:\vhosts\gramyzmaluchami\framework\web\CBaseController.php(165): SiteController->createWidget()
#3 C:\vhosts\gramyzmaluchami\protected\views\site\index.php(8): SiteController->widget()
#4 C:\vhosts\gramyzmaluchami\framework\web\CBaseController.php(119): require()
#5 C:\vhosts\gramyzmaluchami\framework\web\CBaseController.php(88): SiteController->renderInternal()
#6 C:\vhosts\gramyzmaluchami\framework\web\CController.php(866): SiteController->renderFile()
#7 C:\vhosts\gramyzmaluchami\framework\web\CController.php(779): SiteController->renderPartial()
#8 C:\vhosts\gramyzmaluchami\protected\controllers\SiteController.php(55): SiteController->render()
#9 C:\vhosts\gramyzmaluchami\framework\web\actions\CInlineAction.php(50): SiteController->actionIndex()
#10 C:\vhosts\gramyzmaluchami\framework\web\CController.php(300): CInlineAction->runWithParams()
#11 C:\vhosts\gramyzmaluchami\framework\web\CController.php(278): SiteController->runAction()
#12 C:\vhosts\gramyzmaluchami\framework\web\CController.php(257): SiteController->runActionWithFilters()
#13 C:\vhosts\gramyzmaluchami\framework\web\CWebApplication.php(277): SiteController->run()
#14 C:\vhosts\gramyzmaluchami\framework\web\CWebApplication.php(136): CWebApplication->runController()
#15 C:\vhosts\gramyzmaluchami\framework\base\CApplication.php(158): CWebApplication->processRequest()
#16 C:\vhosts\gramyzmaluchami\index.php(13): CWebApplication->run()
REQUEST_URI=/
in C:\vhosts\gramyzmaluchami\protected\views\site\index.php (8)
in C:\vhosts\gramyzmaluchami\protected\controllers\SiteController.php (55)
in C:\vhosts\gramyzmaluchami\index.php (13)
2012/02/10 19:53:52 [error] [system.db.CDbCommand] CDbCommand::fetchAll() failed: SQLSTATE[42S02]: Base table or view not found: 1146 Table 'maluchy.recommended' doesn't exist. The SQL statement executed was: SELECT `g`.`name`, `g`.`description`
FROM `recommended` `r`
JOIN `game` `g` ON r.gameId=g.id
ORDER BY `r`.`id`.
in C:\vhosts\gramyzmaluchami\protected\views\site\index.php (8)
in C:\vhosts\gramyzmaluchami\protected\controllers\SiteController.php (55)
in C:\vhosts\gramyzmaluchami\index.php (13)
2012/02/10 19:53:52 [error] [exception.CDbException] exception 'CDbException' with message 'CDbCommand failed to execute the SQL statement: SQLSTATE[42S02]: Base table or view not found: 1146 Table 'maluchy.recommended' doesn't exist. The SQL statement executed was: SELECT `g`.`name`, `g`.`description`
FROM `recommended` `r`
JOIN `game` `g` ON r.gameId=g.id
ORDER BY `r`.`id`' in C:\vhosts\gramyzmaluchami\framework\db\CDbCommand.php:516
Stack trace:
#0 C:\vhosts\gramyzmaluchami\framework\db\CDbCommand.php(374): CDbCommand->queryInternal('fetchAll', Array, Array)
#1 C:\vhosts\gramyzmaluchami\framework\zii\widgets\CRecommendedList.php(15): CDbCommand->queryAll()
#2 C:\vhosts\gramyzmaluchami\framework\web\CBaseController.php(140): CRecommendedList->init()
#3 C:\vhosts\gramyzmaluchami\framework\web\CBaseController.php(165): CBaseController->createWidget('zii.widgets.CRe...', Array)
#4 C:\vhosts\gramyzmaluchami\protected\views\site\index.php(8): CBaseController->widget('zii.widgets.CRe...', Array)
#5 C:\vhosts\gramyzmaluchami\framework\web\CBaseController.php(119): require('C:\vhosts\gramy...')
#6 C:\vhosts\gramyzmaluchami\framework\web\CBaseController.php(88): CBaseController->renderInternal('C:\vhosts\gramy...', Array, true)
#7 C:\vhosts\gramyzmaluchami\framework\web\CController.php(866): CBaseController->renderFile('C:\vhosts\gramy...', Array, true)
#8 C:\vhosts\gramyzmaluchami\framework\web\CController.php(779): CController->renderPartial('index', Array, true)
#9 C:\vhosts\gramyzmaluchami\protected\controllers\SiteController.php(55): CController->render('index', Array)
#10 C:\vhosts\gramyzmaluchami\framework\web\actions\CInlineAction.php(50): SiteController->actionIndex()
#11 C:\vhosts\gramyzmaluchami\framework\web\CController.php(300): CInlineAction->runWithParams(Array)
#12 C:\vhosts\gramyzmaluchami\framework\web\CController.php(278): CController->runAction(Object(CInlineAction))
#13 C:\vhosts\gramyzmaluchami\framework\web\CController.php(257): CController->runActionWithFilters(Object(CInlineAction), Array)
#14 C:\vhosts\gramyzmaluchami\framework\web\CWebApplication.php(277): CController->run('')
#15 C:\vhosts\gramyzmaluchami\framework\web\CWebApplication.php(136): CWebApplication->runController('')
#16 C:\vhosts\gramyzmaluchami\framework\base\CApplication.php(158): CWebApplication->processRequest()
#17 C:\vhosts\gramyzmaluchami\index.php(13): CApplication->run()
#18 {main} REQUEST_URI=/
